# JRE version: OpenJDK Runtime Environment (14.0.2+12) (build 14.0.2+12-46)
# Java VM: OpenJDK 64-Bit Server VM (14.0.2+12-46, mixed mode, tiered, compressed oops, g1 gc, windows-amd64)
Heap:
 garbage-first heap   total 82944K, used 25865K [0x0000000080000000, 0x0000000100000000)
  region size 1024K, 4 young (4096K), 3 survivors (3072K)
 Metaspace       used 57768K, capacity 59561K, committed 59676K, reserved 1101824K
  class space    used 7554K, capacity 8229K, committed 8320K, reserved 1048576K
GC Heap History (20 events):
Event: 6.538 GC heap before
{Heap before GC invocations=13 (full 0):
 garbage-first heap   total 61440K, used 46540K [0x0000000080000000, 0x0000000100000000)
  region size 1024K, 34 young (34816K), 3 survivors (3072K)
 Metaspace       used 33633K, capacity 34776K, committed 34992K, reserved 1079296K
  class space    used 4170K, capacity 4571K, committed 4608K, reserved 1048576K
}
Event: 6.544 GC heap after
{Heap after GC invocations=14 (full 0):
 garbage-first heap   total 61440K, used 15930K [0x0000000080000000, 0x0000000100000000)
  region size 1024K, 3 young (3072K), 3 survivors (3072K)
 Metaspace       used 33633K, capacity 34776K, committed 34992K, reserved 1079296K
  class space    used 4170K, capacity 4571K, committed 4608K, reserved 1048576K
}
Event: 6.560 GC heap before
{Heap before GC invocations=14 (full 0):
 garbage-first heap   total 61440K, used 47674K [0x0000000080000000, 0x0000000100000000)
  region size 1024K, 35 young (35840K), 3 survivors (3072K)
 Metaspace       used 33633K, capacity 34776K, committed 34992K, reserved 1079296K
  class space    used 4170K, capacity 4571K, committed 4608K, reserved 1048576K
}
Event: 6.566 GC heap after
{Heap after GC invocations=15 (full 0):
 garbage-first heap   total 61440K, used 15921K [0x0000000080000000, 0x0000000100000000)
  region size 1024K, 3 young (3072K), 3 survivors (3072K)
 Metaspace       used 33633K, capacity 34776K, committed 34992K, reserved 1079296K
  class space    used 4170K, capacity 4571K, committed 4608K, reserved 1048576K
}
Event: 6.895 GC heap before
{Heap before GC invocations=15 (full 0):
 garbage-first heap   total 61440K, used 42545K [0x0000000080000000, 0x0000000100000000)
  region size 1024K, 30 young (30720K), 3 survivors (3072K)
 Metaspace       used 34768K, capacity 35843K, committed 35888K, reserved 1081344K
  class space    used 4306K, capacity 4710K, committed 4736K, reserved 1048576K
}
Event: 6.903 GC heap after
{Heap after GC invocations=16 (full 0):
 garbage-first heap   total 61440K, used 16011K [0x0000000080000000, 0x0000000100000000)
  region size 1024K, 1 young (1024K), 1 survivors (1024K)
 Metaspace       used 34768K, capacity 35843K, committed 35888K, reserved 1081344K
  class space    used 4306K, capacity 4710K, committed 4736K, reserved 1048576K
}
Event: 7.981 GC heap before
{Heap before GC invocations=17 (full 0):
 garbage-first heap   total 58368K, used 50827K [0x0000000080000000, 0x0000000100000000)
  region size 1024K, 35 young (35840K), 1 survivors (1024K)
 Metaspace       used 38629K, capacity 39917K, committed 40092K, reserved 1083392K
  class space    used 4824K, capacity 5312K, committed 5376K, reserved 1048576K
}
Event: 7.990 GC heap after
{Heap after GC invocations=18 (full 0):
 garbage-first heap   total 70656K, used 17346K [0x0000000080000000, 0x0000000100000000)
  region size 1024K, 3 young (3072K), 3 survivors (3072K)
 Metaspace       used 38629K, capacity 39917K, committed 40092K, reserved 1083392K
  class space    used 4824K, capacity 5312K, committed 5376K, reserved 1048576K
}
Event: 8.952 GC heap before
{Heap before GC invocations=19 (full 0):
 garbage-first heap   total 68608K, used 54210K [0x0000000080000000, 0x0000000100000000)
  region size 1024K, 40 young (40960K), 3 survivors (3072K)
 Metaspace       used 43946K, capacity 45253K, committed 45468K, reserved 1089536K
  class space    used 5598K, capacity 6086K, committed 6144K, reserved 1048576K
}
Event: 8.962 GC heap after
{Heap after GC invocations=20 (full 0):
 garbage-first heap   total 68608K, used 19934K [0x0000000080000000, 0x0000000100000000)
  region size 1024K, 5 young (5120K), 5 survivors (5120K)
 Metaspace       used 43946K, capacity 45253K, committed 45468K, reserved 1089536K
  class space    used 5598K, capacity 6086K, committed 6144K, reserved 1048576K
}
Event: 9.830 GC heap before
{Heap before GC invocations=20 (full 0):
 garbage-first heap   total 68608K, used 54750K [0x0000000080000000, 0x0000000100000000)
  region size 1024K, 39 young (39936K), 5 survivors (5120K)
 Metaspace       used 48752K, capacity 50088K, committed 50204K, reserved 1093632K
  class space    used 6287K, capacity 6779K, committed 6784K, reserved 1048576K
}
Event: 9.847 GC heap after
{Heap after GC invocations=21 (full 0):
 garbage-first heap   total 68608K, used 21108K [0x0000000080000000, 0x0000000100000000)
  region size 1024K, 2 young (2048K), 2 survivors (2048K)
 Metaspace       used 48752K, capacity 50088K, committed 50204K, reserved 1093632K
  class space    used 6287K, capacity 6779K, committed 6784K, reserved 1048576K
}
Event: 10.821 GC heap before
{Heap before GC invocations=21 (full 0):
 garbage-first heap   total 68608K, used 54900K [0x0000000080000000, 0x0000000100000000)
  region size 1024K, 35 young (35840K), 2 survivors (2048K)
 Metaspace       used 52524K, capacity 53993K, committed 54044K, reserved 1095680K
  class space    used 6776K, capacity 7292K, committed 7296K, reserved 1048576K
}
Event: 10.830 GC heap after
{Heap after GC invocations=22 (full 0):
 garbage-first heap   total 68608K, used 22142K [0x0000000080000000, 0x0000000100000000)
  region size 1024K, 3 young (3072K), 3 survivors (3072K)
 Metaspace       used 52524K, capacity 53993K, committed 54044K, reserved 1095680K
  class space    used 6776K, capacity 7292K, committed 7296K, reserved 1048576K
}
Event: 11.627 GC heap before
{Heap before GC invocations=22 (full 0):
 garbage-first heap   total 68608K, used 54910K [0x0000000080000000, 0x0000000100000000)
  region size 1024K, 35 young (35840K), 3 survivors (3072K)
 Metaspace       used 54629K, capacity 56298K, committed 56604K, reserved 1097728K
  class space    used 7111K, capacity 7742K, committed 7808K, reserved 1048576K
}
Event: 11.637 GC heap after
{Heap after GC invocations=23 (full 0):
 garbage-first heap   total 82944K, used 23487K [0x0000000080000000, 0x0000000100000000)
  region size 1024K, 4 young (4096K), 4 survivors (4096K)
 Metaspace       used 54629K, capacity 56298K, committed 56604K, reserved 1097728K
  class space    used 7111K, capacity 7742K, committed 7808K, reserved 1048576K
}
Event: 68.846 GC heap before
{Heap before GC invocations=23 (full 0):
 garbage-first heap   total 82944K, used 66495K [0x0000000080000000, 0x0000000100000000)
  region size 1024K, 46 young (47104K), 4 survivors (4096K)
 Metaspace       used 57646K, capacity 59400K, committed 59548K, reserved 1101824K
  class space    used 7525K, capacity 8174K, committed 8192K, reserved 1048576K
}
Event: 69.178 GC heap after
{Heap after GC invocations=24 (full 0):
 garbage-first heap   total 82944K, used 25684K [0x0000000080000000, 0x0000000100000000)
  region size 1024K, 5 young (5120K), 5 survivors (5120K)
 Metaspace       used 57646K, capacity 59400K, committed 59548K, reserved 1101824K
  class space    used 7525K, capacity 8174K, committed 8192K, reserved 1048576K
}
Event: 355.640 GC heap before
{Heap before GC invocations=24 (full 0):
 garbage-first heap   total 82944K, used 37972K [0x0000000080000000, 0x0000000100000000)
  region size 1024K, 18 young (18432K), 5 survivors (5120K)
 Metaspace       used 57722K, capacity 59493K, committed 59548K, reserved 1101824K
  class space    used 7538K, capacity 8184K, committed 8192K, reserved 1048576K
}
Event: 355.682 GC heap after
{Heap after GC invocations=25 (full 0):
 garbage-first heap   total 82944K, used 25865K [0x0000000080000000, 0x0000000100000000)
  region size 1024K, 3 young (3072K), 3 survivors (3072K)
 Metaspace       used 57722K, capacity 59493K, committed 59548K, reserved 1101824K
  class space    used 7538K, capacity 8184K, committed 8192K, reserved 1048576K
}

